/cvmfs/soft.computecanada.ca/easybuild/software/2020/avx2/Compiler/gcc9/quast/5.2.0/bin/quast.py /scratch/ptayebi/Assignment_3/Assembly/contigs.fasta /scratch/ptayebi/Assignment_3/Flye_assembly/Flye_assembly.fasta /scratch/ptayebi/Assignment_3/Unicycler_assembly/Unicycler_assembly.fasta -o /scratch/ptayebi/Assignment_3/Assembly_comparison --labels SPAdes,Flye,Unicycler --threads 8 --gene-finding

Version: 5.2.0

System information:
  OS: Linux-3.10.0-1160.80.1.el7.x86_64-x86_64-with-glibc2.30 (linux_64)
  Python version: 3.10.2
  CPUs number: 32

Started: 2025-04-23 01:05:33

Logging to /scratch/ptayebi/Assignment_3/Assembly_comparison/quast.log

CWD: /scratch/ptayebi/Assignment_3/Data
Main parameters: 
  MODE: default, threads: 8, min contig length: 500, min alignment length: 65, min alignment IDY: 95.0, \
  ambiguity: one, min local misassembly length: 200, min extensive misassembly length: 1000

Contigs:
  Pre-processing...
  1  /scratch/ptayebi/Assignment_3/Assembly/contigs.fasta ==> SPAdes
  2  /scratch/ptayebi/Assignment_3/Flye_assembly/Flye_assembly.fasta ==> Flye
  3  /scratch/ptayebi/Assignment_3/Unicycler_assembly/Unicycler_assembly.fasta ==> Unicycler

2025-04-23 01:05:37
Running Basic statistics processor...
  Contig files: 
    1  SPAdes
    2  Flye
    3  Unicycler
  Calculating N50 and L50...
    1  SPAdes, N50 = 59947, L50 = 26, auN = 70586.4, Total length = 5031610, GC % = 50.76, # N's per 100 kbp =  0.00
    2  Flye, N50 = 1044833, L50 = 3, auN = 855833.5, Total length = 5190619, GC % = 50.83, # N's per 100 kbp =  0.00
    3  Unicycler, N50 = 1297187, L50 = 2, auN = 1297287.2, Total length = 5142940, GC % = 50.75, # N's per 100 kbp =  0.00
  Drawing Nx plot...
    saved to /scratch/ptayebi/Assignment_3/Assembly_comparison/basic_stats/Nx_plot.pdf
  Drawing cumulative plot...
    saved to /scratch/ptayebi/Assignment_3/Assembly_comparison/basic_stats/cumulative_plot.pdf
  Drawing GC content plot...
    saved to /scratch/ptayebi/Assignment_3/Assembly_comparison/basic_stats/GC_content_plot.pdf
  Drawing SPAdes GC content plot...
    saved to /scratch/ptayebi/Assignment_3/Assembly_comparison/basic_stats/SPAdes_GC_content_plot.pdf
  Drawing Flye GC content plot...
    saved to /scratch/ptayebi/Assignment_3/Assembly_comparison/basic_stats/Flye_GC_content_plot.pdf
  Drawing Unicycler GC content plot...
    saved to /scratch/ptayebi/Assignment_3/Assembly_comparison/basic_stats/Unicycler_GC_content_plot.pdf
  Drawing Coverage histogram (bin size: 1x)...
    saved to /scratch/ptayebi/Assignment_3/Assembly_comparison/basic_stats/coverage_histogram.pdf
  Drawing SPAdes coverage histogram (bin size: 1x)...
    saved to /scratch/ptayebi/Assignment_3/Assembly_comparison/basic_stats/SPAdes_coverage_histogram.pdf
Done.

2025-04-23 01:05:39
Running GeneMarkS...
  1  SPAdes
  2  Flye
  3  Unicycler
    1  perl /cvmfs/soft.computecanada.ca/easybuild/software/2020/avx2/Compiler/gcc9/quast/5.2.0/lib/python3.10/site-packages/quast_libs/genemark/linux_64/gmsn.pl \
       --name SPAdes --clean --out /scratch/ptayebi/Assignment_3/Assembly_comparison/predicted_genes/tmp/tmpmexnzuzy \
       /scratch/ptayebi/Assignment_3/Assembly_comparison/quast_corrected_input/SPAdes.fasta \
       > /scratch/ptayebi/Assignment_3/Assembly_comparison/predicted_genes/SPAdes_genemark.stderr \
       2> /scratch/ptayebi/Assignment_3/Assembly_comparison/predicted_genes/SPAdes_genemark.stderr
    2  perl /cvmfs/soft.computecanada.ca/easybuild/software/2020/avx2/Compiler/gcc9/quast/5.2.0/lib/python3.10/site-packages/quast_libs/genemark/linux_64/gmsn.pl \
       --name Flye --clean --out /scratch/ptayebi/Assignment_3/Assembly_comparison/predicted_genes/tmp/tmp0g4z9jh1 \
       /scratch/ptayebi/Assignment_3/Assembly_comparison/quast_corrected_input/Flye.fasta \
       > /scratch/ptayebi/Assignment_3/Assembly_comparison/predicted_genes/Flye_genemark.stderr \
       2> /scratch/ptayebi/Assignment_3/Assembly_comparison/predicted_genes/Flye_genemark.stderr
    3  perl /cvmfs/soft.computecanada.ca/easybuild/software/2020/avx2/Compiler/gcc9/quast/5.2.0/lib/python3.10/site-packages/quast_libs/genemark/linux_64/gmsn.pl \
       --name Unicycler --clean --out /scratch/ptayebi/Assignment_3/Assembly_comparison/predicted_genes/tmp/tmpxsw0ecva \
       /scratch/ptayebi/Assignment_3/Assembly_comparison/quast_corrected_input/Unicycler.fasta \
       > /scratch/ptayebi/Assignment_3/Assembly_comparison/predicted_genes/Unicycler_genemark.stderr \
       2> /scratch/ptayebi/Assignment_3/Assembly_comparison/predicted_genes/Unicycler_genemark.stderr
       The tool returned non-zero. See ../Assembly_comparison/predicted_genes/Unicycler_genemark.stderr for stderr.
       The tool returned non-zero. See ../Assembly_comparison/predicted_genes/SPAdes_genemark.stderr for stderr.
       The tool returned non-zero. See ../Assembly_comparison/predicted_genes/Flye_genemark.stderr for stderr.

WARNING: License period for GeneMark has ended! 
To update license, please visit http://exon.gatech.edu/GeneMark/license_download.cgi page and fill in the form.
You should choose GeneMarkS tool and your operating system (note that GeneMark is free for non-commercial use).
Download the license key and replace your ~/.gm_key with the updated version. After that you can restart QUAST.


NOTICE: Genes are not predicted by default. Use --gene-finding or --glimmer option to enable it.

2025-04-23 01:05:40
Creating large visual summaries...
This may take a while: press Ctrl-C to skip this step..
  1 of 2: Creating PDF with all tables and plots...
  2 of 2: Creating Icarus viewers...
Done

2025-04-23 01:05:41
RESULTS:
  Text versions of total report are saved to /scratch/ptayebi/Assignment_3/Assembly_comparison/report.txt, report.tsv, and report.tex
  Text versions of transposed total report are saved to /scratch/ptayebi/Assignment_3/Assembly_comparison/transposed_report.txt, transposed_report.tsv, and transposed_report.tex
  HTML version (interactive tables and plots) is saved to /scratch/ptayebi/Assignment_3/Assembly_comparison/report.html
  PDF version (tables and plots) is saved to /scratch/ptayebi/Assignment_3/Assembly_comparison/report.pdf
  Icarus (contig browser) is saved to /scratch/ptayebi/Assignment_3/Assembly_comparison/icarus.html
  Log is saved to /scratch/ptayebi/Assignment_3/Assembly_comparison/quast.log

Finished: 2025-04-23 01:05:41
Elapsed time: 0:00:07.640258
NOTICEs: 1; WARNINGs: 1; non-fatal ERRORs: 0

Thank you for using QUAST!
